<?xml version="1.0" encoding="UTF-8" ?>
<testsuites name="vitest tests" tests="91" failures="0" errors="0" time="1.3558366">
    <testsuite name="src/tests/auth.test.ts" timestamp="2026-03-31T05:12:42.715Z" hostname="DESKTOP-TU0EB1V" tests="9" failures="0" errors="0" skipped="0" time="0.0146695">
        <testcase classname="src/tests/auth.test.ts" name="auth &gt; isAuthorised &gt; returns false when API_KEY is missing" time="0.0027993">
        </testcase>
        <testcase classname="src/tests/auth.test.ts" name="auth &gt; isAuthorised &gt; returns false when the header is missing" time="0.0005235">
        </testcase>
        <testcase classname="src/tests/auth.test.ts" name="auth &gt; isAuthorised &gt; returns false when header is not Bearer format" time="0.0005781">
        </testcase>
        <testcase classname="src/tests/auth.test.ts" name="auth &gt; isAuthorised &gt; returns false when token is wrong" time="0.001426">
        </testcase>
        <testcase classname="src/tests/auth.test.ts" name="auth &gt; isAuthorised &gt; returns true when token is correct" time="0.0005069">
        </testcase>
        <testcase classname="src/tests/auth.test.ts" name="auth &gt; validateAuth &gt; returns true for a valid token" time="0.0004088">
        </testcase>
        <testcase classname="src/tests/auth.test.ts" name="auth &gt; validateAuth &gt; returns false for an invalid token" time="0.0003412">
        </testcase>
        <testcase classname="src/tests/auth.test.ts" name="auth &gt; enforceAuth &gt; Sends 401 when request is not authorised" time="0.004677">
        </testcase>
        <testcase classname="src/tests/auth.test.ts" name="auth &gt; enforceAuth &gt; does not send 401 when request is authorized" time="0.0011698">
        </testcase>
    </testsuite>
    <testsuite name="src/tests/cache.test.ts" timestamp="2026-03-31T05:12:42.719Z" hostname="DESKTOP-TU0EB1V" tests="4" failures="0" errors="0" skipped="0" time="0.0852839">
        <testcase classname="src/tests/cache.test.ts" name="cache &gt; addToBuffer stores one snapshot and updates latestSnapshot" time="0.062961">
        </testcase>
        <testcase classname="src/tests/cache.test.ts" name="cache &gt; getBufferSince returns only entries from the requested time" time="0.0070539">
        </testcase>
        <testcase classname="src/tests/cache.test.ts" name="cache &gt; trims entries older than 24 hours" time="0.0032083">
        </testcase>
        <testcase classname="src/tests/cache.test.ts" name="cache &gt; warmCache loads, sorts, filters nulls, and merges snapshots by timestamp" time="0.0107411">
            <system-out>
Warm cache loaded 1 entries for NEM.
Warm cache loaded 2 entries for WEM.

            </system-out>
        </testcase>
    </testsuite>
    <testsuite name="src/tests/index.test.ts" timestamp="2026-03-31T05:12:42.720Z" hostname="DESKTOP-TU0EB1V" tests="2" failures="0" errors="0" skipped="0" time="0.1347219">
        <testcase classname="src/tests/index.test.ts" name="index file tests &gt; starts app and wires dependencies when env is valid" time="0.1009877">
        </testcase>
        <testcase classname="src/tests/index.test.ts" name="index file tests &gt; exits when required env is missing" time="0.0325606">
        </testcase>
    </testsuite>
    <testsuite name="src/tests/normalise.test.ts" timestamp="2026-03-31T05:12:42.721Z" hostname="DESKTOP-TU0EB1V" tests="8" failures="0" errors="0" skipped="0" time="0.0127274">
        <testcase classname="src/tests/normalise.test.ts" name="normalise &gt; round, &gt; rounds numbers to requested decimals" time="0.0017071">
        </testcase>
        <testcase classname="src/tests/normalise.test.ts" name="normalise &gt; round, &gt; returns null for null/undefined" time="0.0005256">
        </testcase>
        <testcase classname="src/tests/normalise.test.ts" name="normalise &gt; buildSnapFromRows &gt; builds network + region snapshots with correct aggregates" time="0.0030229">
        </testcase>
        <testcase classname="src/tests/normalise.test.ts" name="normalise &gt; buildSnapFromRows &gt; supports network region when the field is not there" time="0.0004111">
        </testcase>
        <testcase classname="src/tests/normalise.test.ts" name="normalise &gt; buildSnapFromRows &gt; uses datatable rows directly and falls back to DataTable parsing" time="0.0023306">
        </testcase>
        <testcase classname="src/tests/normalise.test.ts" name="normalise &gt; buildSnapFromRows &gt; returns empty latest intervals and uses latest source rows in buildSnapshot" time="0.0006306">
        </testcase>
        <testcase classname="src/tests/normalise.test.ts" name="normalise &gt; buildSnapFromRows &gt; handles unknown fueltech, zero generation, and missing market data" time="0.0005606">
        </testcase>
        <testcase classname="src/tests/normalise.test.ts" name="normalise &gt; buildSnapFromRows &gt; falls back to market or current time when generation timestamps are unavailable" time="0.0018771">
        </testcase>
    </testsuite>
    <testsuite name="src/tests/poller.test.ts" timestamp="2026-03-31T05:12:42.722Z" hostname="DESKTOP-TU0EB1V" tests="4" failures="0" errors="0" skipped="0" time="0.1484323">
        <testcase classname="src/tests/poller.test.ts" name="poller &gt; poll success: fetches, builds, caches, writes S3, emits event, updates lastPollAt" time="0.1027023">
            <system-out>
Poll complete - NEM 100MW, 40% renewable. Duration: 0ms.

            </system-out>
        </testcase>
        <testcase classname="src/tests/poller.test.ts" name="poller &gt; poll failure: logs error and skips cache/S3/update" time="0.0233785">
        </testcase>
        <testcase classname="src/tests/poller.test.ts" name="poller &gt; startPoller uses configured POLL_INTERVAL_MS" time="0.0145888">
            <system-err>
Poll failed. TypeError: client.getNetworkData is not a function
    at poll [90m(C:\Users\swaga\Documents\GitHub\ElectricityGrid-api\[39msrc\poller.ts:34:14[90m)[39m
    at Module.startPoller [90m(C:\Users\swaga\Documents\GitHub\ElectricityGrid-api\[39msrc\poller.ts:110:8[90m)[39m
    at [90mC:\Users\swaga\Documents\GitHub\ElectricityGrid-api\[39msrc\tests\poller.test.ts:161:30
[90m    at processTicksAndRejections (node:internal/process/task_queues:95:5)[39m
    at [90mfile:///C:/Users/swaga/Documents/GitHub/ElectricityGrid-api/[39mnode_modules/[4m@vitest/runner[24m/dist/chunk-hooks.js:752:20

            </system-err>
        </testcase>
        <testcase classname="src/tests/poller.test.ts" name="poller &gt; startPoller uses default interval (5 minutes) when env is missing" time="0.0061286">
            <system-err>
Poll failed. TypeError: client.getNetworkData is not a function
    at poll [90m(C:\Users\swaga\Documents\GitHub\ElectricityGrid-api\[39msrc\poller.ts:34:14[90m)[39m
    at Module.startPoller [90m(C:\Users\swaga\Documents\GitHub\ElectricityGrid-api\[39msrc\poller.ts:110:8[90m)[39m
    at [90mC:\Users\swaga\Documents\GitHub\ElectricityGrid-api\[39msrc\tests\poller.test.ts:178:16
[90m    at processTicksAndRejections (node:internal/process/task_queues:95:5)[39m
    at [90mfile:///C:/Users/swaga/Documents/GitHub/ElectricityGrid-api/[39mnode_modules/[4m@vitest/runner[24m/dist/chunk-hooks.js:752:20

            </system-err>
        </testcase>
    </testsuite>
    <testsuite name="src/tests/rest.test.ts" timestamp="2026-03-31T05:12:42.723Z" hostname="DESKTOP-TU0EB1V" tests="9" failures="0" errors="0" skipped="0" time="0.1873661">
        <testcase classname="src/tests/rest.test.ts" name="rest routes &gt; GET /v1/health works without auth and returns health payload" time="0.1394253">
        </testcase>
        <testcase classname="src/tests/rest.test.ts" name="rest routes &gt; auth hook runs for protected routes" time="0.0052475">
        </testcase>
        <testcase classname="src/tests/rest.test.ts" name="rest routes &gt; GET /v1/live returns 503 when cache is empty" time="0.0051328">
        </testcase>
        <testcase classname="src/tests/rest.test.ts" name="rest routes &gt; GET /v1/live validates network query and returns 400/404/success" time="0.0062172">
        </testcase>
        <testcase classname="src/tests/rest.test.ts" name="rest routes &gt; GET /v1/live (no network) returns all snapshots" time="0.0038434">
        </testcase>
        <testcase classname="src/tests/rest.test.ts" name="rest routes &gt; GET /v1/live/region/:region handles invalid/empty/missing/success" time="0.0069541">
        </testcase>
        <testcase classname="src/tests/rest.test.ts" name="rest routes &gt; GET /v1/live/price handles empty and success" time="0.0054585">
        </testcase>
        <testcase classname="src/tests/rest.test.ts" name="rest routes &gt; GET /v1/stats validates query and returns stats" time="0.0059026">
        </testcase>
        <testcase classname="src/tests/rest.test.ts" name="rest routes &gt; GET /v1/history validates query and returns series" time="0.0074869">
        </testcase>
    </testsuite>
    <testsuite name="src/tests/s3-query.test.ts" timestamp="2026-03-31T05:12:42.725Z" hostname="DESKTOP-TU0EB1V" tests="20" failures="0" errors="0" skipped="0" time="0.1963988">
        <testcase classname="src/tests/s3-query.test.ts" name="s3-query &gt; readFromBuffer returns sorted + deduped points" time="0.0922481">
        </testcase>
        <testcase classname="src/tests/s3-query.test.ts" name="s3-query &gt; readFromBuffer handles region + price metric" time="0.0037558">
        </testcase>
        <testcase classname="src/tests/s3-query.test.ts" name="s3-query &gt; readFromBuffer skips entries when network snapshot is missing" time="0.0027394">
        </testcase>
        <testcase classname="src/tests/s3-query.test.ts" name="s3-query &gt; readFromBuffer returns null for network price when no region price exists" time="0.0191189">
        </testcase>
        <testcase classname="src/tests/s3-query.test.ts" name="s3-query &gt; readFromBuffer covers region fueltech, average price, and summary fallback metrics" time="0.0040784">
        </testcase>
        <testcase classname="src/tests/s3-query.test.ts" name="s3-query &gt; readFromBuffer returns null for unsupported fueltech metrics" time="0.0032506">
        </testcase>
        <testcase classname="src/tests/s3-query.test.ts" name="s3-query &gt; readFromBuffer handles snapshot fueltech price, curtailment lookups, and invalid metrics" time="0.0036165">
        </testcase>
        <testcase classname="src/tests/s3-query.test.ts" name="s3-query &gt; readFromBuffer covers remaining region metric branches" time="0.0035967">
        </testcase>
        <testcase classname="src/tests/s3-query.test.ts" name="s3-query &gt; readFromBuffer falls back to region loads and curtailment for fueltech metrics" time="0.0063879">
        </testcase>
        <testcase classname="src/tests/s3-query.test.ts" name="s3-query &gt; queryHistory routes to buffer for 24h/5m" time="0.0028666">
        </testcase>
        <testcase classname="src/tests/s3-query.test.ts" name="s3-query &gt; queryHistory routes to hourly rollups for 7d" time="0.0022372">
        </testcase>
        <testcase classname="src/tests/s3-query.test.ts" name="s3-query &gt; queryHistory routes to daily rollups for 30d/90d" time="0.0024178">
        </testcase>
        <testcase classname="src/tests/s3-query.test.ts" name="s3-query &gt; readHourlyRollups filters rows and maps metric" time="0.0024243">
        </testcase>
        <testcase classname="src/tests/s3-query.test.ts" name="s3-query &gt; readHourlyRollups filters by fueltech and maps generation fallback" time="0.0022676">
        </testcase>
        <testcase classname="src/tests/s3-query.test.ts" name="s3-query &gt; readHourlyRollups filters out fueltech summary rows and maps demand/renewables/emissions metrics" time="0.0034494">
        </testcase>
        <testcase classname="src/tests/s3-query.test.ts" name="s3-query &gt; readHourlyRollups returns null values for unsupported metrics" time="0.0031023">
        </testcase>
        <testcase classname="src/tests/s3-query.test.ts" name="s3-query &gt; readDailyRollups returns mapped daily points" time="0.0037407">
        </testcase>
        <testcase classname="src/tests/s3-query.test.ts" name="s3-query &gt; computeStats returns min/max and ignores fueltech rows" time="0.0215479">
        </testcase>
        <testcase classname="src/tests/s3-query.test.ts" name="s3-query &gt; computeStats returns null stats when no matching rows" time="0.0024726">
        </testcase>
        <testcase classname="src/tests/s3-query.test.ts" name="s3-query &gt; getBufferSize returns recentBuffer length" time="0.0093545">
        </testcase>
    </testsuite>
    <testsuite name="src/tests/s3.test.ts" timestamp="2026-03-31T05:12:42.727Z" hostname="DESKTOP-TU0EB1V" tests="15" failures="0" errors="0" skipped="0" time="0.0434809">
        <testcase classname="src/tests/s3.test.ts" name="s3 &gt; builds live keys" time="0.0037757">
        </testcase>
        <testcase classname="src/tests/s3.test.ts" name="s3 &gt; builds raw and rollup keys" time="0.0019053">
        </testcase>
        <testcase classname="src/tests/s3.test.ts" name="s3 &gt; builds raw keys for a time range in 5-minute steps" time="0.0013232">
        </testcase>
        <testcase classname="src/tests/s3.test.ts" name="s3 &gt; builds hourly rollup keys for a range" time="0.0006473">
        </testcase>
        <testcase classname="src/tests/s3.test.ts" name="s3 &gt; builds daily rollup keys counting back from today" time="0.0004496">
        </testcase>
        <testcase classname="src/tests/s3.test.ts" name="s3 input output helpers &gt; putJson writes json with cache-control" time="0.0045562">
        </testcase>
        <testcase classname="src/tests/s3.test.ts" name="s3 input output helpers &gt; putJson uses no-cache when maxAge is 0" time="0.0030422">
        </testcase>
        <testcase classname="src/tests/s3.test.ts" name="s3 input output helpers &gt; putNdjson writes newline-delimited json" time="0.0033409">
        </testcase>
        <testcase classname="src/tests/s3.test.ts" name="s3 input output helpers &gt; getJson parses object body" time="0.003861">
        </testcase>
        <testcase classname="src/tests/s3.test.ts" name="s3 input output helpers &gt; getJson returns null for missing object" time="0.0027233">
        </testcase>
        <testcase classname="src/tests/s3.test.ts" name="s3 input output helpers &gt; getNdjson returns [] for missing object" time="0.0033656">
        </testcase>
        <testcase classname="src/tests/s3.test.ts" name="s3 input output helpers &gt; getNdjson parses rows and ignores blank lines" time="0.002856">
        </testcase>
        <testcase classname="src/tests/s3.test.ts" name="s3 input output helpers &gt; getNdjson returns [] for missing object" time="0.0032224">
        </testcase>
        <testcase classname="src/tests/s3.test.ts" name="s3 input output helpers &gt; getJsonMany and getNdjsonMany aggregate results" time="0.0034631">
        </testcase>
        <testcase classname="src/tests/s3.test.ts" name="s3 input output helpers &gt; throws when bucket is missing" time="0.0034761">
        </testcase>
    </testsuite>
    <testsuite name="src/tests/sse.test.ts" timestamp="2026-03-31T05:12:42.729Z" hostname="DESKTOP-TU0EB1V" tests="2" failures="0" errors="0" skipped="0" time="0.0171426">
        <testcase classname="src/tests/sse.test.ts" name="sse routes &gt; registers /v1/events and rejects unauthorized requests" time="0.008478">
        </testcase>
        <testcase classname="src/tests/sse.test.ts" name="sse routes &gt; streams connected, update, and heartbeat events and cleans up on close" time="0.0067204">
        </testcase>
    </testsuite>
    <testsuite name="src/tests/system.test.ts" timestamp="2026-03-31T05:12:42.729Z" hostname="DESKTOP-TU0EB1V" tests="8" failures="0" errors="0" skipped="0" time="0.4980507">
        <testcase classname="src/tests/system.test.ts" name="system tests &gt; serves health publicly and protects live endpoints with bearer auth" time="0.385614">
        </testcase>
        <testcase classname="src/tests/system.test.ts" name="system tests &gt; returns live snapshots and region pricing from the real route stack" time="0.0227376">
        </testcase>
        <testcase classname="src/tests/system.test.ts" name="system tests &gt; serves 24h history from the in-memory buffer using the real query code" time="0.0192296">
        </testcase>
        <testcase classname="src/tests/system.test.ts" name="system tests &gt; serves historical rollups and computed stats through the real HTTP endpoints" time="0.0130571">
        </testcase>
        <testcase classname="src/tests/system.test.ts" name="system tests &gt; rejects invalid history queries" time="0.0136504">
        </testcase>
        <testcase classname="src/tests/system.test.ts" name="system tests &gt; uses default history query params when only metric is provided" time="0.0142352">
        </testcase>
        <testcase classname="src/tests/system.test.ts" name="system tests &gt; serves region fueltech history from loads and curtailment fallback rows" time="0.0154682">
        </testcase>
        <testcase classname="src/tests/system.test.ts" name="system tests &gt; rejects unauthorized SSE connections before opening a stream" time="0.0128229">
        </testcase>
    </testsuite>
    <testsuite name="src/tests/ws.test.ts" timestamp="2026-03-31T05:12:42.731Z" hostname="DESKTOP-TU0EB1V" tests="10" failures="0" errors="0" skipped="0" time="0.0175625">
        <testcase classname="src/tests/ws.test.ts" name="ws route testing &gt; registers /v1/ws and blocks unauthorized in preValidation" time="0.00311">
        </testcase>
        <testcase classname="src/tests/ws.test.ts" name="ws route testing &gt; sends initial snapshot and handles invalid message" time="0.0033291">
        </testcase>
        <testcase classname="src/tests/ws.test.ts" name="ws route testing &gt; subscribes/unsubscribes and cleans up on close/error" time="0.0031141">
        </testcase>
        <testcase classname="src/tests/ws.test.ts" name="applySubscriptions &gt; returns snapshots unchanged with empty subscriptions" time="0.0011711">
        </testcase>
        <testcase classname="src/tests/ws.test.ts" name="applySubscriptions &gt; filters by regions and recomputes aggregates" time="0.0004479">
        </testcase>
        <testcase classname="src/tests/ws.test.ts" name="applySubscriptions &gt; filters snapshots down to price-only metric subscriptions" time="0.0014625">
        </testcase>
        <testcase classname="src/tests/ws.test.ts" name="applySubscriptions &gt; preserves emissions when only emissions metrics are subscribed" time="0.0005842">
        </testcase>
        <testcase classname="src/tests/ws.test.ts" name="applySubscriptions &gt; retains generation, renewables, demand, and emission intensity metrics when subscribed" time="0.0009028">
        </testcase>
        <testcase classname="src/tests/ws.test.ts" name="applySubscriptions &gt; handles zero-generation selected regions when recomputing proportions" time="0.0006697">
        </testcase>
        <testcase classname="src/tests/ws.test.ts" name="applySubscriptions &gt; merges duplicate load and curtailment fueltechs and preserves undefined regions" time="0.0006089">
        </testcase>
    </testsuite>
</testsuites>
